2024-05-02 03:34:10,780 - INFO - Loading cache...
2024-05-02 03:34:10,810 - INFO - Processing files in /home/ramnet/Documents/Minutas-IA/reuniones-minutas-IA/a...
2024-05-02 03:34:10,935 - INFO - Extracting audio from /home/ramnet/Documents/Minutas-IA/reuniones-minutas-IA/a/1.mp4...
2024-05-02 03:34:17,701 - INFO - Transcribing audio from /tmp/tmp9kblspg0.wav...
2024-05-02 03:34:33,112 - INFO - Transcribing audio from /tmp/tmpl1kryrtr.wav...
2024-05-02 03:34:47,957 - INFO - Transcribing audio from /tmp/tmpj25f6neb.wav...
2024-05-02 03:35:04,636 - INFO - Transcribing audio from /tmp/tmpr_iunflk.wav...
2024-05-02 03:35:20,317 - INFO - Transcribing audio from /tmp/tmp8kti8vyo.wav...
2024-05-02 03:35:35,583 - INFO - Transcribing audio from /tmp/tmpd2c6mp9e.wav...
2024-05-02 03:36:23,924 - INFO - Loading cache...
2024-05-02 03:36:23,971 - INFO - Processing files in /home/ramnet/Documents/Minutas-IA/reuniones-minutas-IA/a...
2024-05-02 03:36:24,132 - INFO - Extracting audio from /home/ramnet/Documents/Minutas-IA/reuniones-minutas-IA/a/1.mp4...
2024-05-02 03:36:29,653 - INFO - Transcribing audio from /tmp/tmp4bwvk_ap.wav...
2024-05-02 03:36:45,002 - INFO - Transcribing audio from /tmp/tmpe6ov2osa.wav...
2024-05-02 03:36:59,487 - INFO - Transcribing audio from /tmp/tmpxgcuh3dm.wav...
2024-05-02 03:37:14,999 - INFO - Transcribing audio from /tmp/tmpworsvs9l.wav...
2024-05-02 03:37:31,174 - INFO - Transcribing audio from /tmp/tmpnp0m_zl2.wav...
2024-05-02 03:37:49,300 - INFO - Transcribing audio from /tmp/tmpygl7vr18.wav...
2024-05-02 03:38:05,097 - INFO - Transcribing audio from /tmp/tmp05x6jmxq.wav...
2024-05-02 03:38:20,329 - INFO - Transcribing audio from /tmp/tmpiqpq_50o.wav...
2024-05-02 03:38:35,486 - INFO - Transcribing audio from /tmp/tmpl6mppqoc.wav...
2024-05-02 03:38:38,247 - INFO - Handling transcription for /home/ramnet/Documents/Minutas-IA/reuniones-minutas-IA/a/1.mp4...
2024-05-02 03:38:38,248 - INFO - Transcription of /home/ramnet/Documents/Minutas-IA/reuniones-minutas-IA/a/1.mp4: GrowV. Hace unos días estuve comentando, en vivo y...
2024-05-02 03:38:38,259 - INFO - Saving cache...
